# JRE version: OpenJDK Runtime Environment Zulu11.45+27-CA (11.0.10+9) (build 11.0.10+9-LTS)
# Java VM: OpenJDK 64-Bit Server VM Zulu11.45+27-CA (11.0.10+9-LTS, mixed mode, tiered, compressed oops, g1 gc, bsd-aarch64)
Heap:
 garbage-first heap   total 284672K, used 43189K [0x00000006c0000000, 0x00000007c0000000)
  region size 1024K, 14 young (14336K), 1 survivors (1024K)
 Metaspace       used 29854K, capacity 30489K, committed 31472K, reserved 1077248K
  class space    used 3266K, capacity 3546K, committed 3824K, reserved 1048576K
GC Heap History (20 events):
Event: 412667.254 GC heap before
{Heap before GC invocations=385 (full 0):
 garbage-first heap   total 284672K, used 210014K [0x00000006c0000000, 0x00000007c0000000)
  region size 1024K, 166 young (169984K), 1 survivors (1024K)
 Metaspace       used 29845K, capacity 30489K, committed 31472K, reserved 1077248K
  class space    used 3266K, capacity 3546K, committed 3824K, reserved 1048576K
}
Event: 412667.255 GC heap after
{Heap after GC invocations=386 (full 0):
 garbage-first heap   total 284672K, used 20677K [0x00000006c0000000, 0x00000007c0000000)
  region size 1024K, 1 young (1024K), 1 survivors (1024K)
 Metaspace       used 29845K, capacity 30489K, committed 31472K, reserved 1077248K
  class space    used 3266K, capacity 3546K, committed 3824K, reserved 1048576K
}
Event: 412667.514 GC heap before
{Heap before GC invocations=386 (full 0):
 garbage-first heap   total 284672K, used 189637K [0x00000006c0000000, 0x00000007c0000000)
  region size 1024K, 166 young (169984K), 1 survivors (1024K)
 Metaspace       used 29845K, capacity 30489K, committed 31472K, reserved 1077248K
  class space    used 3266K, capacity 3546K, committed 3824K, reserved 1048576K
}
Event: 412667.514 GC heap after
{Heap after GC invocations=387 (full 0):
 garbage-first heap   total 284672K, used 20576K [0x00000006c0000000, 0x00000007c0000000)
  region size 1024K, 1 young (1024K), 1 survivors (1024K)
 Metaspace       used 29845K, capacity 30489K, committed 31472K, reserved 1077248K
  class space    used 3266K, capacity 3546K, committed 3824K, reserved 1048576K
}
Event: 412667.755 GC heap before
{Heap before GC invocations=387 (full 0):
 garbage-first heap   total 284672K, used 189536K [0x00000006c0000000, 0x00000007c0000000)
  region size 1024K, 166 young (169984K), 1 survivors (1024K)
 Metaspace       used 29845K, capacity 30489K, committed 31472K, reserved 1077248K
  class space    used 3266K, capacity 3546K, committed 3824K, reserved 1048576K
}
Event: 412667.755 GC heap after
{Heap after GC invocations=388 (full 0):
 garbage-first heap   total 284672K, used 20574K [0x00000006c0000000, 0x00000007c0000000)
  region size 1024K, 1 young (1024K), 1 survivors (1024K)
 Metaspace       used 29845K, capacity 30489K, committed 31472K, reserved 1077248K
  class space    used 3266K, capacity 3546K, committed 3824K, reserved 1048576K
}
Event: 412667.955 GC heap before
{Heap before GC invocations=388 (full 0):
 garbage-first heap   total 284672K, used 189534K [0x00000006c0000000, 0x00000007c0000000)
  region size 1024K, 166 young (169984K), 1 survivors (1024K)
 Metaspace       used 29845K, capacity 30489K, committed 31472K, reserved 1077248K
  class space    used 3266K, capacity 3546K, committed 3824K, reserved 1048576K
}
Event: 412667.955 GC heap after
{Heap after GC invocations=389 (full 0):
 garbage-first heap   total 284672K, used 20576K [0x00000006c0000000, 0x00000007c0000000)
  region size 1024K, 1 young (1024K), 1 survivors (1024K)
 Metaspace       used 29845K, capacity 30489K, committed 31472K, reserved 1077248K
  class space    used 3266K, capacity 3546K, committed 3824K, reserved 1048576K
}
Event: 412668.171 GC heap before
{Heap before GC invocations=389 (full 0):
 garbage-first heap   total 284672K, used 189536K [0x00000006c0000000, 0x00000007c0000000)
  region size 1024K, 166 young (169984K), 1 survivors (1024K)
 Metaspace       used 29845K, capacity 30489K, committed 31472K, reserved 1077248K
  class space    used 3266K, capacity 3546K, committed 3824K, reserved 1048576K
}
Event: 412668.171 GC heap after
{Heap after GC invocations=390 (full 0):
 garbage-first heap   total 284672K, used 20576K [0x00000006c0000000, 0x00000007c0000000)
  region size 1024K, 1 young (1024K), 1 survivors (1024K)
 Metaspace       used 29845K, capacity 30489K, committed 31472K, reserved 1077248K
  class space    used 3266K, capacity 3546K, committed 3824K, reserved 1048576K
}
Event: 412838.883 GC heap before
{Heap before GC invocations=390 (full 0):
 garbage-first heap   total 284672K, used 204896K [0x00000006c0000000, 0x00000007c0000000)
  region size 1024K, 166 young (169984K), 1 survivors (1024K)
 Metaspace       used 29850K, capacity 30489K, committed 31472K, reserved 1077248K
  class space    used 3266K, capacity 3546K, committed 3824K, reserved 1048576K
}
Event: 412838.883 GC heap after
{Heap after GC invocations=391 (full 0):
 garbage-first heap   total 284672K, used 20693K [0x00000006c0000000, 0x00000007c0000000)
  region size 1024K, 1 young (1024K), 1 survivors (1024K)
 Metaspace       used 29850K, capacity 30489K, committed 31472K, reserved 1077248K
  class space    used 3266K, capacity 3546K, committed 3824K, reserved 1048576K
}
Event: 412839.106 GC heap before
{Heap before GC invocations=391 (full 0):
 garbage-first heap   total 284672K, used 189653K [0x00000006c0000000, 0x00000007c0000000)
  region size 1024K, 166 young (169984K), 1 survivors (1024K)
 Metaspace       used 29852K, capacity 30489K, committed 31472K, reserved 1077248K
  class space    used 3266K, capacity 3546K, committed 3824K, reserved 1048576K
}
Event: 412839.107 GC heap after
{Heap after GC invocations=392 (full 0):
 garbage-first heap   total 284672K, used 20576K [0x00000006c0000000, 0x00000007c0000000)
  region size 1024K, 1 young (1024K), 1 survivors (1024K)
 Metaspace       used 29852K, capacity 30489K, committed 31472K, reserved 1077248K
  class space    used 3266K, capacity 3546K, committed 3824K, reserved 1048576K
}
Event: 412839.385 GC heap before
{Heap before GC invocations=392 (full 0):
 garbage-first heap   total 284672K, used 189536K [0x00000006c0000000, 0x00000007c0000000)
  region size 1024K, 166 young (169984K), 1 survivors (1024K)
 Metaspace       used 29852K, capacity 30489K, committed 31472K, reserved 1077248K
  class space    used 3266K, capacity 3546K, committed 3824K, reserved 1048576K
}
Event: 412839.385 GC heap after
{Heap after GC invocations=393 (full 0):
 garbage-first heap   total 284672K, used 20576K [0x00000006c0000000, 0x00000007c0000000)
  region size 1024K, 1 young (1024K), 1 survivors (1024K)
 Metaspace       used 29852K, capacity 30489K, committed 31472K, reserved 1077248K
  class space    used 3266K, capacity 3546K, committed 3824K, reserved 1048576K
}
Event: 412839.581 GC heap before
{Heap before GC invocations=393 (full 0):
 garbage-first heap   total 284672K, used 189536K [0x00000006c0000000, 0x00000007c0000000)
  region size 1024K, 166 young (169984K), 1 survivors (1024K)
 Metaspace       used 29852K, capacity 30489K, committed 31472K, reserved 1077248K
  class space    used 3266K, capacity 3546K, committed 3824K, reserved 1048576K
}
Event: 412839.582 GC heap after
{Heap after GC invocations=394 (full 0):
 garbage-first heap   total 284672K, used 20576K [0x00000006c0000000, 0x00000007c0000000)
  region size 1024K, 1 young (1024K), 1 survivors (1024K)
 Metaspace       used 29852K, capacity 30489K, committed 31472K, reserved 1077248K
  class space    used 3266K, capacity 3546K, committed 3824K, reserved 1048576K
}
Event: 412845.050 GC heap before
{Heap before GC invocations=394 (full 0):
 garbage-first heap   total 284672K, used 194656K [0x00000006c0000000, 0x00000007c0000000)
  region size 1024K, 166 young (169984K), 1 survivors (1024K)
 Metaspace       used 29854K, capacity 30489K, committed 31472K, reserved 1077248K
  class space    used 3266K, capacity 3546K, committed 3824K, reserved 1048576K
}
Event: 412845.051 GC heap after
{Heap after GC invocations=395 (full 0):
 garbage-first heap   total 284672K, used 20661K [0x00000006c0000000, 0x00000007c0000000)
  region size 1024K, 1 young (1024K), 1 survivors (1024K)
 Metaspace       used 29854K, capacity 30489K, committed 31472K, reserved 1077248K
  class space    used 3266K, capacity 3546K, committed 3824K, reserved 1048576K
}

